<?xml version="1.0" encoding="UTF-8"?>
<!-- Generated by org.testng.reporters.JUnitReportReporter -->
<testsuite hostname="IN-PG02A7Y5" failures="0" tests="1" name="jenkins_bench_training.openchrome" time="4.781" errors="0" timestamp="2023-10-04T13:30:45 IST" skipped="0">
  <testcase classname="jenkins_bench_training.openchrome" name="lauchBrowser" time="4.781"/>
  <system-out/>
</testsuite> <!-- jenkins_bench_training.openchrome -->
